d:\tetris - 副本\tetris\debug\abc.obj
d:\tetris - 副本\tetris\debug\colorconsole.obj
d:\tetris - 副本\tetris\debug\vc110.pdb
d:\tetris - 副本\debug\tetris.ilk
d:\tetris - 副本\debug\tetris.exe
d:\tetris - 副本\debug\tetris.pdb
c:\users\administrator\desktop\程序设计实践\tetris\tetris\tetris\debug\vc140.pdb
c:\users\administrator\desktop\程序设计实践\tetris\tetris\tetris\debug\vc140.idb
c:\users\administrator\desktop\程序设计实践\tetris\tetris\tetris\debug\abc.obj
c:\users\administrator\desktop\程序设计实践\tetris\tetris\tetris\debug\colorconsole.obj
c:\users\administrator\desktop\tetris\tetris\tetris\tetris\debug\vc140.pdb
c:\users\administrator\desktop\tetris\tetris\tetris\tetris\debug\vc140.idb
c:\users\administrator\desktop\tetris\tetris\tetris\tetris\debug\abc.obj
c:\users\administrator\desktop\tetris\tetris\tetris\tetris\debug\colorconsole.obj
c:\users\administrator\desktop\程序设计实践\tetris\tetris\debug\tetris.ilk
c:\users\administrator\desktop\程序设计实践\tetris\tetris\debug\tetris.exe
c:\users\administrator\desktop\程序设计实践\tetris\tetris\debug\tetris.pdb
c:\users\administrator\desktop\tetris\tetris\tetris\debug\tetris.ilk
c:\users\administrator\desktop\tetris\tetris\tetris\debug\tetris.exe
c:\users\administrator\desktop\tetris\tetris\tetris\debug\tetris.pdb
c:\users\administrator\desktop\tetris\tetris\tetris\tetris\debug\cl.command.1.tlog
c:\users\administrator\desktop\tetris\tetris\tetris\tetris\debug\cl.read.1.tlog
c:\users\administrator\desktop\tetris\tetris\tetris\tetris\debug\cl.write.1.tlog
c:\users\administrator\desktop\tetris\tetris\tetris\tetris\debug\link-cvtres.read.1.tlog
c:\users\administrator\desktop\tetris\tetris\tetris\tetris\debug\link-cvtres.write.1.tlog
c:\users\administrator\desktop\tetris\tetris\tetris\tetris\debug\link-rc.read.1.tlog
c:\users\administrator\desktop\tetris\tetris\tetris\tetris\debug\link-rc.write.1.tlog
c:\users\administrator\desktop\tetris\tetris\tetris\tetris\debug\link.command.1.tlog
c:\users\administrator\desktop\tetris\tetris\tetris\tetris\debug\link.read.1.tlog
c:\users\administrator\desktop\tetris\tetris\tetris\tetris\debug\link.write.1.tlog
c:\users\administrator\desktop\tetris\tetris\tetris\tetris\debug\vc110.idb
c:\users\administrator\desktop\tetris\tetris\tetris\tetris\debug\vc120.idb
c:\users\administrator\desktop\tetris\tetris\tetris\tetris\debug\vc110.pdb
c:\users\administrator\desktop\tetris\tetris\tetris\tetris\debug\vc120.pdb
c:\users\administrator\desktop\tetris\tetris\tetris\tetris\debug\tetris.tlog\cl.command.1.tlog
c:\users\administrator\desktop\tetris\tetris\tetris\tetris\debug\tetris.tlog\cl.read.1.tlog
c:\users\administrator\desktop\tetris\tetris\tetris\tetris\debug\tetris.tlog\cl.write.1.tlog
c:\users\administrator\desktop\tetris\tetris\tetris\tetris\debug\tetris.tlog\link.command.1.tlog
c:\users\administrator\desktop\tetris\tetris\tetris\tetris\debug\tetris.tlog\link.read.1.tlog
c:\users\administrator\desktop\tetris\tetris\tetris\tetris\debug\tetris.tlog\link.write.1.tlog
